Runtime error in replication 1 of scenario 1 at time 1112860.441326 s:
EntranceQueue1:
Number of objects in the queue exceeds the limit of 10000 set by the 'MaxValidLength' input.
Stack trace:
com.jaamsim.basicsim.Entity.error(Entity.java:938)
com.jaamsim.ProcessFlow.Queue.addEntity(Queue.java:286)
com.jaamsim.ProcessFlow.Branch.addEntity(Branch.java:72)
com.jaamsim.ProcessFlow.LinkedDevice.sendToNextComponent(LinkedDevice.java:137)
com.jaamsim.ProcessFlow.EntityGenerator.processStep(EntityGenerator.java:205)
com.jaamsim.ProcessFlow.Device.endStep(Device.java:234)
com.jaamsim.ProcessFlow.Device$EndStepTarget.process(Device.java:214)
com.jaamsim.events.EventManager.executeTarget(EventManager.java:184)
com.jaamsim.events.EventManager.execute(EventManager.java:272)
com.jaamsim.events.Process.run(Process.java:121)

Runtime error in replication 1 of scenario 2 at time 1127033.172158 s:
EntranceQueue1:
Number of objects in the queue exceeds the limit of 10000 set by the 'MaxValidLength' input.
Stack trace:
com.jaamsim.basicsim.Entity.error(Entity.java:938)
com.jaamsim.ProcessFlow.Queue.addEntity(Queue.java:286)
com.jaamsim.ProcessFlow.Branch.addEntity(Branch.java:72)
com.jaamsim.ProcessFlow.LinkedDevice.sendToNextComponent(LinkedDevice.java:137)
com.jaamsim.ProcessFlow.EntityGenerator.processStep(EntityGenerator.java:205)
com.jaamsim.ProcessFlow.Device.endStep(Device.java:234)
com.jaamsim.ProcessFlow.Device$EndStepTarget.process(Device.java:214)
com.jaamsim.events.EventManager.executeTarget(EventManager.java:184)
com.jaamsim.events.EventManager.execute(EventManager.java:272)
com.jaamsim.events.Process.run(Process.java:121)

Runtime error in replication 1 of scenario 3 at time 1121880.024633 s:
EntranceQueue1:
Number of objects in the queue exceeds the limit of 10000 set by the 'MaxValidLength' input.
Stack trace:
com.jaamsim.basicsim.Entity.error(Entity.java:938)
com.jaamsim.ProcessFlow.Queue.addEntity(Queue.java:286)
com.jaamsim.ProcessFlow.Branch.addEntity(Branch.java:72)
com.jaamsim.ProcessFlow.LinkedDevice.sendToNextComponent(LinkedDevice.java:137)
com.jaamsim.ProcessFlow.EntityGenerator.processStep(EntityGenerator.java:205)
com.jaamsim.ProcessFlow.Device.endStep(Device.java:234)
com.jaamsim.ProcessFlow.Device$EndStepTarget.process(Device.java:214)
com.jaamsim.events.EventManager.executeTarget(EventManager.java:184)
com.jaamsim.events.EventManager.execute(EventManager.java:272)
com.jaamsim.events.Process.run(Process.java:121)

Runtime error in replication 1 of scenario 4 at time 1103730.614108 s:
EntranceQueue1:
Number of objects in the queue exceeds the limit of 10000 set by the 'MaxValidLength' input.
Stack trace:
com.jaamsim.basicsim.Entity.error(Entity.java:938)
com.jaamsim.ProcessFlow.Queue.addEntity(Queue.java:286)
com.jaamsim.ProcessFlow.Branch.addEntity(Branch.java:72)
com.jaamsim.ProcessFlow.LinkedDevice.sendToNextComponent(LinkedDevice.java:137)
com.jaamsim.ProcessFlow.EntityGenerator.processStep(EntityGenerator.java:205)
com.jaamsim.ProcessFlow.Device.endStep(Device.java:234)
com.jaamsim.ProcessFlow.Device$EndStepTarget.process(Device.java:214)
com.jaamsim.events.EventManager.executeTarget(EventManager.java:184)
com.jaamsim.events.EventManager.execute(EventManager.java:272)
com.jaamsim.events.Process.run(Process.java:121)

Runtime error in replication 1 of scenario 5 at time 1104311.913218 s:
EntranceQueue1:
Number of objects in the queue exceeds the limit of 10000 set by the 'MaxValidLength' input.
Stack trace:
com.jaamsim.basicsim.Entity.error(Entity.java:938)
com.jaamsim.ProcessFlow.Queue.addEntity(Queue.java:286)
com.jaamsim.ProcessFlow.Branch.addEntity(Branch.java:72)
com.jaamsim.ProcessFlow.LinkedDevice.sendToNextComponent(LinkedDevice.java:137)
com.jaamsim.ProcessFlow.EntityGenerator.processStep(EntityGenerator.java:205)
com.jaamsim.ProcessFlow.Device.endStep(Device.java:234)
com.jaamsim.ProcessFlow.Device$EndStepTarget.process(Device.java:214)
com.jaamsim.events.EventManager.executeTarget(EventManager.java:184)
com.jaamsim.events.EventManager.execute(EventManager.java:272)
com.jaamsim.events.Process.run(Process.java:121)

Runtime error in replication 1 of scenario 6 at time 1081127.156883 s:
EntranceQueue1:
Number of objects in the queue exceeds the limit of 10000 set by the 'MaxValidLength' input.
Stack trace:
com.jaamsim.basicsim.Entity.error(Entity.java:938)
com.jaamsim.ProcessFlow.Queue.addEntity(Queue.java:286)
com.jaamsim.ProcessFlow.Branch.addEntity(Branch.java:72)
com.jaamsim.ProcessFlow.LinkedDevice.sendToNextComponent(LinkedDevice.java:137)
com.jaamsim.ProcessFlow.EntityGenerator.processStep(EntityGenerator.java:205)
com.jaamsim.ProcessFlow.Device.endStep(Device.java:234)
com.jaamsim.ProcessFlow.Device$EndStepTarget.process(Device.java:214)
com.jaamsim.events.EventManager.executeTarget(EventManager.java:184)
com.jaamsim.events.EventManager.execute(EventManager.java:272)
com.jaamsim.events.Process.run(Process.java:121)

Runtime error in replication 1 of scenario 7 at time 1122162.762640 s:
EntranceQueue1:
Number of objects in the queue exceeds the limit of 10000 set by the 'MaxValidLength' input.
Stack trace:
com.jaamsim.basicsim.Entity.error(Entity.java:938)
com.jaamsim.ProcessFlow.Queue.addEntity(Queue.java:286)
com.jaamsim.ProcessFlow.Branch.addEntity(Branch.java:72)
com.jaamsim.ProcessFlow.LinkedDevice.sendToNextComponent(LinkedDevice.java:137)
com.jaamsim.ProcessFlow.EntityGenerator.processStep(EntityGenerator.java:205)
com.jaamsim.ProcessFlow.Device.endStep(Device.java:234)
com.jaamsim.ProcessFlow.Device$EndStepTarget.process(Device.java:214)
com.jaamsim.events.EventManager.executeTarget(EventManager.java:184)
com.jaamsim.events.EventManager.execute(EventManager.java:272)
com.jaamsim.events.Process.run(Process.java:121)

Runtime error in replication 1 of scenario 8 at time 1099437.398010 s:
EntranceQueue1:
Number of objects in the queue exceeds the limit of 10000 set by the 'MaxValidLength' input.
Stack trace:
com.jaamsim.basicsim.Entity.error(Entity.java:938)
com.jaamsim.ProcessFlow.Queue.addEntity(Queue.java:286)
com.jaamsim.ProcessFlow.Branch.addEntity(Branch.java:72)
com.jaamsim.ProcessFlow.LinkedDevice.sendToNextComponent(LinkedDevice.java:137)
com.jaamsim.ProcessFlow.EntityGenerator.processStep(EntityGenerator.java:205)
com.jaamsim.ProcessFlow.Device.endStep(Device.java:234)
com.jaamsim.ProcessFlow.Device$EndStepTarget.process(Device.java:214)
com.jaamsim.events.EventManager.executeTarget(EventManager.java:184)
com.jaamsim.events.EventManager.execute(EventManager.java:272)
com.jaamsim.events.Process.run(Process.java:121)

Runtime error in replication 1 of scenario 9 at time 1087084.203297 s:
EntranceQueue1:
Number of objects in the queue exceeds the limit of 10000 set by the 'MaxValidLength' input.
Stack trace:
com.jaamsim.basicsim.Entity.error(Entity.java:938)
com.jaamsim.ProcessFlow.Queue.addEntity(Queue.java:286)
com.jaamsim.ProcessFlow.Branch.addEntity(Branch.java:72)
com.jaamsim.ProcessFlow.LinkedDevice.sendToNextComponent(LinkedDevice.java:137)
com.jaamsim.ProcessFlow.EntityGenerator.processStep(EntityGenerator.java:205)
com.jaamsim.ProcessFlow.Device.endStep(Device.java:234)
com.jaamsim.ProcessFlow.Device$EndStepTarget.process(Device.java:214)
com.jaamsim.events.EventManager.executeTarget(EventManager.java:184)
com.jaamsim.events.EventManager.execute(EventManager.java:272)
com.jaamsim.events.Process.run(Process.java:121)

Runtime error in replication 1 of scenario 10 at time 1104630.188274 s:
EntranceQueue1:
Number of objects in the queue exceeds the limit of 10000 set by the 'MaxValidLength' input.
Stack trace:
com.jaamsim.basicsim.Entity.error(Entity.java:938)
com.jaamsim.ProcessFlow.Queue.addEntity(Queue.java:286)
com.jaamsim.ProcessFlow.Branch.addEntity(Branch.java:72)
com.jaamsim.ProcessFlow.LinkedDevice.sendToNextComponent(LinkedDevice.java:137)
com.jaamsim.ProcessFlow.EntityGenerator.processStep(EntityGenerator.java:205)
com.jaamsim.ProcessFlow.Device.endStep(Device.java:234)
com.jaamsim.ProcessFlow.Device$EndStepTarget.process(Device.java:214)
com.jaamsim.events.EventManager.executeTarget(EventManager.java:184)
com.jaamsim.events.EventManager.execute(EventManager.java:272)
com.jaamsim.events.Process.run(Process.java:121)

